<?xml version="1.0" encoding="UTF-8"?>
<testsuite name="oop.labs.lab2.tests.IntMatrixImmutableTest" tests="5" skipped="0" failures="0" errors="0" timestamp="2022-12-13T06:07:32" hostname="Vovas-MacBook-Pro.local" time="0.007">
  <properties/>
  <testcase name="testConstructors" classname="oop.labs.lab2.tests.IntMatrixImmutableTest" time="0.002"/>
  <testcase name="testImmutableCast" classname="oop.labs.lab2.tests.IntMatrixImmutableTest" time="0.002"/>
  <testcase name="testEyeMethod" classname="oop.labs.lab2.tests.IntMatrixImmutableTest" time="0.001"/>
  <testcase name="testImmutability" classname="oop.labs.lab2.tests.IntMatrixImmutableTest" time="0.002"/>
  <testcase name="testAccessibility" classname="oop.labs.lab2.tests.IntMatrixImmutableTest" time="0.0"/>
  <system-out><![CDATA[]]></system-out>
  <system-err><![CDATA[]]></system-err>
</testsuite>
