<?xml version="1.0" encoding="UTF-8"?>
<testsuite name="oop.labs.lab2.tests.IntMatrixMathTest" tests="1" skipped="0" failures="0" errors="0" timestamp="2022-12-13T06:07:32" hostname="Vovas-MacBook-Pro.local" time="0.168">
  <properties/>
  <testcase name="testMultiplication" classname="oop.labs.lab2.tests.IntMatrixMathTest" time="0.168"/>
  <system-out><![CDATA[]]></system-out>
  <system-err><![CDATA[]]></system-err>
</testsuite>
